<?xml version="1.0" encoding="UTF-8"?>
<testsuite xmlns:xsi="http://www.w3.org/2001/XMLSchema-instance" xsi:noNamespaceSchemaLocation="https://maven.apache.org/surefire/maven-surefire-plugin/xsd/surefire-test-report.xsd" name="config.TestConfig" time="0.002" tests="0" errors="0" skipped="0" failures="0">
  <properties>
    <property name="java.specification.version" value="21"/>
    <property name="sun.cpu.isalist" value="amd64"/>
    <property name="sun.jnu.encoding" value="Cp1252"/>
    <property name="java.class.path" value="C:\dev\GitHub\minotauro\src\Mino\target\test-classes;C:\dev\GitHub\minotauro\src\Mino\target\classes;C:\dev\GitHub\minotauro\src\Ollama\target\Ollama-1.0.0-SNAPSHOT.jar;C:\Users\claudio.tortorelli\.m2\repository\io\github\ollama4j\ollama4j\1.0.97\ollama4j-1.0.97.jar;C:\Users\claudio.tortorelli\.m2\repository\org\jsoup\jsoup\1.18.1\jsoup-1.18.1.jar;C:\Users\claudio.tortorelli\.m2\repository\com\fasterxml\jackson\core\jackson-databind\2.17.1\jackson-databind-2.17.1.jar;C:\Users\claudio.tortorelli\.m2\repository\com\fasterxml\jackson\core\jackson-annotations\2.17.1\jackson-annotations-2.17.1.jar;C:\Users\claudio.tortorelli\.m2\repository\com\fasterxml\jackson\core\jackson-core\2.17.1\jackson-core-2.17.1.jar;C:\Users\claudio.tortorelli\.m2\repository\com\fasterxml\jackson\datatype\jackson-datatype-jsr310\2.17.1\jackson-datatype-jsr310-2.17.1.jar;C:\Users\claudio.tortorelli\.m2\repository\org\slf4j\slf4j-api\2.0.9\slf4j-api-2.0.9.jar;C:\dev\GitHub\minotauro\src\TransientImage\target\TransientImage-1.0.0-SNAPSHOT.jar;C:\Users\claudio.tortorelli\.m2\repository\org\ini4j\ini4j\0.5.4\ini4j-0.5.4.jar;C:\dev\GitHub\minotauro\src\Utils\target\Utils-1.0.0-SNAPSHOT.jar;C:\dev\GitHub\minotauro\src\Indexer\target\Indexer-1.0.0-SNAPSHOT.jar;C:\dev\GitHub\minotauro\src\Plugin\target\Plugin-1.0.0-SNAPSHOT.jar;"/>
    <property name="java.vm.vendor" value="Azul Systems, Inc."/>
    <property name="sun.arch.data.model" value="64"/>
    <property name="user.variant" value=""/>
    <property name="java.vendor.url" value="http://www.azul.com/"/>
    <property name="user.timezone" value="Europe/Rome"/>
    <property name="os.name" value="Windows 11"/>
    <property name="java.vm.specification.version" value="21"/>
    <property name="user.country" value="IT"/>
    <property name="sun.java.launcher" value="SUN_STANDARD"/>
    <property name="sun.boot.library.path" value="C:\Program Files\Zulu\zulu-21\bin"/>
    <property name="sun.java.command" value="C:\Users\CLAUDI~1.TOR\AppData\Local\Temp\surefire16642513858866459793\surefirebooter13355363125510977957.jar C:\Users\claudio.tortorelli\AppData\Local\Temp\surefire16642513858866459793 2025-03-29T20-15-55_344-jvmRun1 surefire13451519227636296065tmp surefire_012584045391954083368tmp"/>
    <property name="jdk.debug" value="release"/>
    <property name="surefire.test.class.path" value="C:\dev\GitHub\minotauro\src\Mino\target\test-classes;C:\dev\GitHub\minotauro\src\Mino\target\classes;C:\dev\GitHub\minotauro\src\Ollama\target\Ollama-1.0.0-SNAPSHOT.jar;C:\Users\claudio.tortorelli\.m2\repository\io\github\ollama4j\ollama4j\1.0.97\ollama4j-1.0.97.jar;C:\Users\claudio.tortorelli\.m2\repository\org\jsoup\jsoup\1.18.1\jsoup-1.18.1.jar;C:\Users\claudio.tortorelli\.m2\repository\com\fasterxml\jackson\core\jackson-databind\2.17.1\jackson-databind-2.17.1.jar;C:\Users\claudio.tortorelli\.m2\repository\com\fasterxml\jackson\core\jackson-annotations\2.17.1\jackson-annotations-2.17.1.jar;C:\Users\claudio.tortorelli\.m2\repository\com\fasterxml\jackson\core\jackson-core\2.17.1\jackson-core-2.17.1.jar;C:\Users\claudio.tortorelli\.m2\repository\com\fasterxml\jackson\datatype\jackson-datatype-jsr310\2.17.1\jackson-datatype-jsr310-2.17.1.jar;C:\Users\claudio.tortorelli\.m2\repository\org\slf4j\slf4j-api\2.0.9\slf4j-api-2.0.9.jar;C:\dev\GitHub\minotauro\src\TransientImage\target\TransientImage-1.0.0-SNAPSHOT.jar;C:\Users\claudio.tortorelli\.m2\repository\org\ini4j\ini4j\0.5.4\ini4j-0.5.4.jar;C:\dev\GitHub\minotauro\src\Utils\target\Utils-1.0.0-SNAPSHOT.jar;C:\dev\GitHub\minotauro\src\Indexer\target\Indexer-1.0.0-SNAPSHOT.jar;C:\dev\GitHub\minotauro\src\Plugin\target\Plugin-1.0.0-SNAPSHOT.jar;"/>
    <property name="sun.cpu.endian" value="little"/>
    <property name="user.home" value="C:\Users\claudio.tortorelli"/>
    <property name="user.language" value="it"/>
    <property name="java.specification.vendor" value="Oracle Corporation"/>
    <property name="java.version.date" value="2024-01-16"/>
    <property name="java.home" value="C:\Program Files\Zulu\zulu-21"/>
    <property name="file.separator" value="\"/>
    <property name="basedir" value="C:\dev\GitHub\minotauro\src\Mino"/>
    <property name="java.vm.compressedOopsMode" value="Zero based"/>
    <property name="line.separator" value="&#10;"/>
    <property name="java.vm.specification.vendor" value="Oracle Corporation"/>
    <property name="java.specification.name" value="Java Platform API Specification"/>
    <property name="surefire.real.class.path" value="C:\Users\CLAUDI~1.TOR\AppData\Local\Temp\surefire16642513858866459793\surefirebooter13355363125510977957.jar"/>
    <property name="user.script" value=""/>
    <property name="sun.management.compiler" value="HotSpot 64-Bit Tiered Compilers"/>
    <property name="java.runtime.version" value="21.0.2+13-LTS"/>
    <property name="user.name" value="claudio.tortorelli"/>
    <property name="stdout.encoding" value="Cp1252"/>
    <property name="path.separator" value=";"/>
    <property name="os.version" value="10.0"/>
    <property name="java.runtime.name" value="OpenJDK Runtime Environment"/>
    <property name="file.encoding" value="UTF-8"/>
    <property name="java.vm.name" value="OpenJDK 64-Bit Server VM"/>
    <property name="java.vendor.version" value="Zulu21.32+17-CA"/>
    <property name="maven.ext.class.path" value="C:\Program Files\NetBeans-25\netbeans\java\maven-nblib\netbeans-eventspy.jar"/>
    <property name="localRepository" value="C:\Users\claudio.tortorelli\.m2\repository"/>
    <property name="java.vendor.url.bug" value="http://www.azul.com/support/"/>
    <property name="java.io.tmpdir" value="C:\Users\CLAUDI~1.TOR\AppData\Local\Temp\"/>
    <property name="java.version" value="21.0.2"/>
    <property name="user.dir" value="C:\dev\GitHub\minotauro\src\Mino"/>
    <property name="os.arch" value="amd64"/>
    <property name="java.vm.specification.name" value="Java Virtual Machine Specification"/>
    <property name="sun.os.patch.level" value=""/>
    <property name="native.encoding" value="Cp1252"/>
    <property name="java.library.path" value="C:\Program Files\Zulu\zulu-21\bin;C:\WINDOWS\Sun\Java\bin;C:\WINDOWS\system32;C:\WINDOWS;C:\Program Files\Zulu\zulu-21\bin\;C:\WINDOWS\system32;C:\WINDOWS;C:\WINDOWS\System32\Wbem;C:\WINDOWS\System32\WindowsPowerShell\v1.0\;C:\WINDOWS\System32\OpenSSH\;C:\Program Files\Git\cmd;C:\Program Files\PuTTY\;C:\Program Files\NetBeans-25\netbeans\java\maven\bin;C:\Users\claudio.tortorelli\AppData\Local\Microsoft\WindowsApps;;C:\Users\claudio.tortorelli\AppData\Local\Programs\Ollama;."/>
    <property name="java.vm.info" value="mixed mode, sharing"/>
    <property name="stderr.encoding" value="Cp1252"/>
    <property name="java.vendor" value="Azul Systems, Inc."/>
    <property name="java.vm.version" value="21.0.2+13-LTS"/>
    <property name="sun.io.unicode.encoding" value="UnicodeLittle"/>
    <property name="java.class.version" value="65.0"/>
  </properties>
</testsuite>